{
  "RSpec": {
    "coverage": {
      "/Users/ixistic/Desktop/task/finalexam/app/models/user.rb": [
        1,
        null,
        null,
        1,
        null,
        null,
        1,
        1,
        null,
        1,
        2,
        null,
        null,
        1,
        1,
        null,
        null,
        1,
        2,
        null,
        null
      ],
      "/Users/ixistic/Desktop/task/finalexam/app/models/role.rb": [
        1,
        1,
        null
      ],
      "/Users/ixistic/Desktop/task/finalexam/app/controllers/home_controller.rb": [
        1,
        1,
        1,
        null,
        null
      ],
      "/Users/ixistic/Desktop/task/finalexam/app/helpers/application_helper.rb": [
        1,
        null
      ],
      "/Users/ixistic/Desktop/task/finalexam/app/helpers/home_helper.rb": [
        1,
        null
      ]
    },
    "timestamp": 1480359677
  }
}
